<?xml version="1.0" encoding="UTF-8"?>
<testsuite xmlns:xsi="http://www.w3.org/2001/XMLSchema-instance" xsi:noNamespaceSchemaLocation="https://maven.apache.org/surefire/maven-surefire-plugin/xsd/surefire-test-report.xsd" version="3.0.1" name="com.mycompany.app.MinTest" time="0.102" tests="84" errors="0" skipped="0" failures="0">
  <properties>
[...]
</properties>
  <testcase name="ArrayListStringTest(String, String, String, String)[1]" classname="com.mycompany.app.MinTest" time="0.006"/>
  <testcase name="ArrayListStringTest(String, String, String, String)[2]" classname="com.mycompany.app.MinTest" time="0.001"/>
  <testcase name="ArrayListStringTest(String, String, String, String)[3]" classname="com.mycompany.app.MinTest" time="0.001"/>
  <testcase name="ArrayListStringTest(String, String, String, String)[4]" classname="com.mycompany.app.MinTest" time="0.0"/>
  <testcase name="ArrayListStringTest(String, String, String, String)[5]" classname="com.mycompany.app.MinTest" time="0.0"/>
  <testcase name="ArrayListStringTest(String, String, String, String)[6]" classname="com.mycompany.app.MinTest" time="0.0"/>
  <testcase name="ListLenOneTest" classname="com.mycompany.app.MinTest" time="0.001"/>
  <testcase name="VectorIntegerTest(int, int, int, int)[1]" classname="com.mycompany.app.MinTest" time="0.003"/>
  <testcase name="VectorIntegerTest(int, int, int, int)[2]" classname="com.mycompany.app.MinTest" time="0.0"/>
  <testcase name="VectorIntegerTest(int, int, int, int)[3]" classname="com.mycompany.app.MinTest" time="0.0"/>
  <testcase name="VectorIntegerTest(int, int, int, int)[4]" classname="com.mycompany.app.MinTest" time="0.001"/>
  <testcase name="VectorIntegerTest(int, int, int, int)[5]" classname="com.mycompany.app.MinTest" time="0.0"/>
  <testcase name="VectorIntegerTest(int, int, int, int)[6]" classname="com.mycompany.app.MinTest" time="0.0"/>
  <testcase name="VectorIntegerTest(int, int, int, int)[7]" classname="com.mycompany.app.MinTest" time="0.0"/>
  <testcase name="VectorIntegerTest(int, int, int, int)[8]" classname="com.mycompany.app.MinTest" time="0.0"/>
  <testcase name="ArrayListIntegerTest(int, int, int, int)[1]" classname="com.mycompany.app.MinTest" time="0.001"/>
  <testcase name="ArrayListIntegerTest(int, int, int, int)[2]" classname="com.mycompany.app.MinTest" time="0.0"/>
  <testcase name="ArrayListIntegerTest(int, int, int, int)[3]" classname="com.mycompany.app.MinTest" time="0.0"/>
  <testcase name="ArrayListIntegerTest(int, int, int, int)[4]" classname="com.mycompany.app.MinTest" time="0.001"/>
  <testcase name="ArrayListIntegerTest(int, int, int, int)[5]" classname="com.mycompany.app.MinTest" time="0.001"/>
  <testcase name="ArrayListIntegerTest(int, int, int, int)[6]" classname="com.mycompany.app.MinTest" time="0.001"/>
  <testcase name="ArrayListIntegerTest(int, int, int, int)[7]" classname="com.mycompany.app.MinTest" time="0.001"/>
  <testcase name="ArrayListIntegerTest(int, int, int, int)[8]" classname="com.mycompany.app.MinTest" time="0.0"/>
  <testcase name="VectorCharTest(char, char, char, char)[1]" classname="com.mycompany.app.MinTest" time="0.0"/>
  <testcase name="VectorCharTest(char, char, char, char)[2]" classname="com.mycompany.app.MinTest" time="0.0"/>
  <testcase name="VectorCharTest(char, char, char, char)[3]" classname="com.mycompany.app.MinTest" time="0.0"/>
  <testcase name="VectorCharTest(char, char, char, char)[4]" classname="com.mycompany.app.MinTest" time="0.0"/>
  <testcase name="VectorCharTest(char, char, char, char)[5]" classname="com.mycompany.app.MinTest" time="0.0"/>
  <testcase name="LinkedListIntegerTest(int, int, int, int)[1]" classname="com.mycompany.app.MinTest" time="0.001"/>
  <testcase name="LinkedListIntegerTest(int, int, int, int)[2]" classname="com.mycompany.app.MinTest" time="0.0"/>
  <testcase name="LinkedListIntegerTest(int, int, int, int)[3]" classname="com.mycompany.app.MinTest" time="0.0"/>
  <testcase name="LinkedListIntegerTest(int, int, int, int)[4]" classname="com.mycompany.app.MinTest" time="0.001"/>
  <testcase name="LinkedListIntegerTest(int, int, int, int)[5]" classname="com.mycompany.app.MinTest" time="0.001"/>
  <testcase name="LinkedListIntegerTest(int, int, int, int)[6]" classname="com.mycompany.app.MinTest" time="0.0"/>
  <testcase name="LinkedListIntegerTest(int, int, int, int)[7]" classname="com.mycompany.app.MinTest" time="0.0"/>
  <testcase name="LinkedListIntegerTest(int, int, int, int)[8]" classname="com.mycompany.app.MinTest" time="0.0"/>
  <testcase name="LinkedListCharTest(char, char, char, char)[1]" classname="com.mycompany.app.MinTest" time="0.001"/>
  <testcase name="LinkedListCharTest(char, char, char, char)[2]" classname="com.mycompany.app.MinTest" time="0.0"/>
  <testcase name="LinkedListCharTest(char, char, char, char)[3]" classname="com.mycompany.app.MinTest" time="0.0"/>
  <testcase name="LinkedListCharTest(char, char, char, char)[4]" classname="com.mycompany.app.MinTest" time="0.001"/>
  <testcase name="LinkedListCharTest(char, char, char, char)[5]" classname="com.mycompany.app.MinTest" time="0.0"/>
  <testcase name="LinkedListDoubleTest(double, double, double, double)[1]" classname="com.mycompany.app.MinTest" time="0.002"/>
  <testcase name="LinkedListDoubleTest(double, double, double, double)[2]" classname="com.mycompany.app.MinTest" time="0.0"/>
  <testcase name="LinkedListDoubleTest(double, double, double, double)[3]" classname="com.mycompany.app.MinTest" time="0.0"/>
  <testcase name="LinkedListDoubleTest(double, double, double, double)[4]" classname="com.mycompany.app.MinTest" time="0.001"/>
  <testcase name="LinkedListDoubleTest(double, double, double, double)[5]" classname="com.mycompany.app.MinTest" time="0.0"/>
  <testcase name="LinkedListDoubleTest(double, double, double, double)[6]" classname="com.mycompany.app.MinTest" time="0.0"/>
  <testcase name="LinkedListDoubleTest(double, double, double, double)[7]" classname="com.mycompany.app.MinTest" time="0.001"/>
  <testcase name="LinkedListDoubleTest(double, double, double, double)[8]" classname="com.mycompany.app.MinTest" time="0.001"/>
  <testcase name="VectorDoubleTest(double, double, double, double)[1]" classname="com.mycompany.app.MinTest" time="0.001"/>
  <testcase name="VectorDoubleTest(double, double, double, double)[2]" classname="com.mycompany.app.MinTest" time="0.0"/>
  <testcase name="VectorDoubleTest(double, double, double, double)[3]" classname="com.mycompany.app.MinTest" time="0.0"/>
  <testcase name="VectorDoubleTest(double, double, double, double)[4]" classname="com.mycompany.app.MinTest" time="0.001"/>
  <testcase name="VectorDoubleTest(double, double, double, double)[5]" classname="com.mycompany.app.MinTest" time="0.0"/>
  <testcase name="VectorDoubleTest(double, double, double, double)[6]" classname="com.mycompany.app.MinTest" time="0.001"/>
  <testcase name="VectorDoubleTest(double, double, double, double)[7]" classname="com.mycompany.app.MinTest" time="0.0"/>
  <testcase name="VectorDoubleTest(double, double, double, double)[8]" classname="com.mycompany.app.MinTest" time="0.0"/>
  <testcase name="LinkedListTest" classname="com.mycompany.app.MinTest" time="0.0"/>
  <testcase name="ArrayListDoubleTest(double, double, double, double)[1]" classname="com.mycompany.app.MinTest" time="0.0"/>
  <testcase name="ArrayListDoubleTest(double, double, double, double)[2]" classname="com.mycompany.app.MinTest" time="0.0"/>
  <testcase name="ArrayListDoubleTest(double, double, double, double)[3]" classname="com.mycompany.app.MinTest" time="0.0"/>
  <testcase name="ArrayListDoubleTest(double, double, double, double)[4]" classname="com.mycompany.app.MinTest" time="0.0"/>
  <testcase name="ArrayListDoubleTest(double, double, double, double)[5]" classname="com.mycompany.app.MinTest" time="0.001"/>
  <testcase name="ArrayListDoubleTest(double, double, double, double)[6]" classname="com.mycompany.app.MinTest" time="0.0"/>
  <testcase name="ArrayListDoubleTest(double, double, double, double)[7]" classname="com.mycompany.app.MinTest" time="0.0"/>
  <testcase name="ArrayListDoubleTest(double, double, double, double)[8]" classname="com.mycompany.app.MinTest" time="0.001"/>
  <testcase name="LinkedListStringTest(String, String, String, String)[1]" classname="com.mycompany.app.MinTest" time="0.0"/>
  <testcase name="LinkedListStringTest(String, String, String, String)[2]" classname="com.mycompany.app.MinTest" time="0.001"/>
  <testcase name="LinkedListStringTest(String, String, String, String)[3]" classname="com.mycompany.app.MinTest" time="0.0"/>
  <testcase name="LinkedListStringTest(String, String, String, String)[4]" classname="com.mycompany.app.MinTest" time="0.001"/>
  <testcase name="LinkedListStringTest(String, String, String, String)[5]" classname="com.mycompany.app.MinTest" time="0.0"/>
  <testcase name="LinkedListStringTest(String, String, String, String)[6]" classname="com.mycompany.app.MinTest" time="0.0"/>
  <testcase name="CharTest(char, char, char, char)[1]" classname="com.mycompany.app.MinTest" time="0.0"/>
  <testcase name="CharTest(char, char, char, char)[2]" classname="com.mycompany.app.MinTest" time="0.001"/>
  <testcase name="CharTest(char, char, char, char)[3]" classname="com.mycompany.app.MinTest" time="0.0"/>
  <testcase name="CharTest(char, char, char, char)[4]" classname="com.mycompany.app.MinTest" time="0.001"/>
  <testcase name="CharTest(char, char, char, char)[5]" classname="com.mycompany.app.MinTest" time="0.0"/>
  <testcase name="VectorStringTest(String, String, String, String)[1]" classname="com.mycompany.app.MinTest" time="0.0"/>
  <testcase name="VectorStringTest(String, String, String, String)[2]" classname="com.mycompany.app.MinTest" time="0.0"/>
  <testcase name="VectorStringTest(String, String, String, String)[3]" classname="com.mycompany.app.MinTest" time="0.001"/>
  <testcase name="VectorStringTest(String, String, String, String)[4]" classname="com.mycompany.app.MinTest" time="0.0"/>
  <testcase name="VectorStringTest(String, String, String, String)[5]" classname="com.mycompany.app.MinTest" time="0.0"/>
  <testcase name="VectorStringTest(String, String, String, String)[6]" classname="com.mycompany.app.MinTest" time="0.0"/>
  <testcase name="VectorTest" classname="com.mycompany.app.MinTest" time="0.001"/>
</testsuite>