<?xml version="1.0" encoding="UTF-8"?>
<testsuite xmlns:xsi="http://www.w3.org/2001/XMLSchema-instance" xsi:noNamespaceSchemaLocation="https://maven.apache.org/surefire/maven-surefire-plugin/xsd/surefire-test-report.xsd" name="com.matthew.q1.RomanNumeralsTest" time="0.058" tests="8" errors="0" skipped="0" failures="0">
  <properties>
[...]
</properties>
  <testcase name="testInstantiation" classname="com.matthew.q1.RomanNumeralsTest" time="0.004"/>
  <testcase name="testEight" classname="com.matthew.q1.RomanNumeralsTest" time="0"/>
  <testcase name="testThree" classname="com.matthew.q1.RomanNumeralsTest" time="0"/>
  <testcase name="testFour" classname="com.matthew.q1.RomanNumeralsTest" time="0"/>
  <testcase name="testNine" classname="com.matthew.q1.RomanNumeralsTest" time="0"/>
  <testcase name="testZero" classname="com.matthew.q1.RomanNumeralsTest" time="0"/>
  <testcase name="testHundred" classname="com.matthew.q1.RomanNumeralsTest" time="0"/>
  <testcase name="testNineNine" classname="com.matthew.q1.RomanNumeralsTest" time="0"/>
</testsuite>